2020-12-09 15:12:69 INFO  HomePage :32 - Clicking on Bank Manager Login Link.[[ChromeDriver: chrome on WINDOWS (1dd7c46f3973bab4be3b8554fe14ad34)] -> xpath: //button[contains(text(),'Bank Manager Login')]]
2020-12-09 15:12:136 INFO  BankManagerLoginPage :21 - Clicking on Add Customer Button.[[ChromeDriver: chrome on WINDOWS (1dd7c46f3973bab4be3b8554fe14ad34)] -> xpath: //body/div[3]/div[1]/div[2]/div[1]/div[1]/button[1]]
2020-12-09 15:12:453 INFO  AddCustomerPage :24 - Enter First Name[[ChromeDriver: chrome on WINDOWS (1dd7c46f3973bab4be3b8554fe14ad34)] -> xpath: //body/div[3]/div[1]/div[2]/div[1]/div[2]/div[1]/div[1]/form[1]/div[1]/input[1]]
2020-12-09 15:12:119 INFO  AddCustomerPage :29 - Enter First Name[[ChromeDriver: chrome on WINDOWS (1dd7c46f3973bab4be3b8554fe14ad34)] -> xpath: //body/div[3]/div[1]/div[2]/div[1]/div[2]/div[1]/div[1]/form[1]/div[2]/input[1]]
2020-12-09 15:12:302 INFO  AddCustomerPage :34 - Enter Postcode [[ChromeDriver: chrome on WINDOWS (1dd7c46f3973bab4be3b8554fe14ad34)] -> xpath: //body/div[3]/div[1]/div[2]/div[1]/div[2]/div[1]/div[1]/form[1]/div[3]/input[1]]
2020-12-09 15:12:483 INFO  AddCustomerPage :39 - Clicking on add customer button[[ChromeDriver: chrome on WINDOWS (1dd7c46f3973bab4be3b8554fe14ad34)] -> xpath: //body/div[3]/div[1]/div[2]/div[1]/div[2]/div[1]/div[1]/form[1]/button[1]]
2020-12-09 15:12:344 INFO  HomePage :32 - Clicking on Bank Manager Login Link.[[ChromeDriver: chrome on WINDOWS (8cdc7c11b630b8af3a757dbce493cee8)] -> xpath: //button[contains(text(),'Bank Manager Login')]]
2020-12-09 15:12:604 INFO  BankManagerLoginPage :21 - Clicking on Add Customer Button.[[ChromeDriver: chrome on WINDOWS (8cdc7c11b630b8af3a757dbce493cee8)] -> xpath: //body/div[3]/div[1]/div[2]/div[1]/div[1]/button[1]]
2020-12-09 15:12:910 INFO  AddCustomerPage :24 - Enter First Name[[ChromeDriver: chrome on WINDOWS (8cdc7c11b630b8af3a757dbce493cee8)] -> xpath: //body/div[3]/div[1]/div[2]/div[1]/div[2]/div[1]/div[1]/form[1]/div[1]/input[1]]
2020-12-09 15:12:166 INFO  AddCustomerPage :29 - Enter First Name[[ChromeDriver: chrome on WINDOWS (8cdc7c11b630b8af3a757dbce493cee8)] -> xpath: //body/div[3]/div[1]/div[2]/div[1]/div[2]/div[1]/div[1]/form[1]/div[2]/input[1]]
2020-12-09 15:12:344 INFO  AddCustomerPage :34 - Enter Postcode [[ChromeDriver: chrome on WINDOWS (8cdc7c11b630b8af3a757dbce493cee8)] -> xpath: //body/div[3]/div[1]/div[2]/div[1]/div[2]/div[1]/div[1]/form[1]/div[3]/input[1]]
2020-12-09 15:12:510 INFO  AddCustomerPage :39 - Clicking on add customer button[[ChromeDriver: chrome on WINDOWS (8cdc7c11b630b8af3a757dbce493cee8)] -> xpath: //body/div[3]/div[1]/div[2]/div[1]/div[2]/div[1]/div[1]/form[1]/button[1]]
2020-12-09 15:12:168 INFO  HomePage :32 - Clicking on Bank Manager Login Link.[[ChromeDriver: chrome on WINDOWS (1f180e3089cde4c672e2ece0e0b5d16f)] -> xpath: //button[contains(text(),'Bank Manager Login')]]
2020-12-09 15:12:926 INFO  HomePage :46 - Clicking on Open Account Tab [[ChromeDriver: chrome on WINDOWS (1f180e3089cde4c672e2ece0e0b5d16f)] -> xpath:  //body/div[3]/div[1]/div[2]/div[1]/div[1]/button[2]]
2020-12-09 15:12:278 INFO  OpenAccountPage :23 - select name of customer[[ChromeDriver: chrome on WINDOWS (1f180e3089cde4c672e2ece0e0b5d16f)] -> xpath: //select[@id='userSelect']]
2020-12-09 15:12:542 INFO  OpenAccountPage :28 - select currency[[ChromeDriver: chrome on WINDOWS (1f180e3089cde4c672e2ece0e0b5d16f)] -> xpath: //select[@id='currency']]
2020-12-09 15:12:765 INFO  OpenAccountPage :33 - clicking on process button[[ChromeDriver: chrome on WINDOWS (1f180e3089cde4c672e2ece0e0b5d16f)] -> xpath: //button[contains(text(),'Process')]]
2020-12-09 15:12:810 INFO  HomePage :27 - Clicking On CustomerLogin Link[[ChromeDriver: chrome on WINDOWS (8130a7ecc66613a8029871725621e43e)] -> xpath: //body/div[3]/div[1]/div[2]/div[1]/div[1]/div[1]/button[1]]
2020-12-09 15:12:948 INFO  CustomerLoginPage :26 - select your name[[ChromeDriver: chrome on WINDOWS (8130a7ecc66613a8029871725621e43e)] -> xpath: //select[@id='userSelect']]
2020-12-09 15:12:210 INFO  CustomerLoginPage :31 - Clicking on Add Customer Button.[[ChromeDriver: chrome on WINDOWS (8130a7ecc66613a8029871725621e43e)] -> xpath: //button[contains(text(),'Login')]]
2020-12-09 15:12:659 INFO  HomePage :27 - Clicking On CustomerLogin Link[[ChromeDriver: chrome on WINDOWS (9acab62c287f9e613b00e64949738476)] -> xpath: //body/div[3]/div[1]/div[2]/div[1]/div[1]/div[1]/button[1]]
2020-12-09 15:12:206 INFO  CustomerLoginPage :26 - select your name[[ChromeDriver: chrome on WINDOWS (9acab62c287f9e613b00e64949738476)] -> xpath: //select[@id='userSelect']]
2020-12-09 15:12:681 INFO  CustomerLoginPage :31 - Clicking on Add Customer Button.[[ChromeDriver: chrome on WINDOWS (9acab62c287f9e613b00e64949738476)] -> xpath: //button[contains(text(),'Login')]]
2020-12-09 15:12:289 INFO  HomePage :27 - Clicking On CustomerLogin Link[[ChromeDriver: chrome on WINDOWS (42382168b763bd70877f4eb95b0ca2d4)] -> xpath: //body/div[3]/div[1]/div[2]/div[1]/div[1]/div[1]/button[1]]
2020-12-09 15:12:433 INFO  CustomerLoginPage :26 - select your name[[ChromeDriver: chrome on WINDOWS (42382168b763bd70877f4eb95b0ca2d4)] -> xpath: //select[@id='userSelect']]
2020-12-09 15:12:641 INFO  CustomerLoginPage :31 - Clicking on Add Customer Button.[[ChromeDriver: chrome on WINDOWS (42382168b763bd70877f4eb95b0ca2d4)] -> xpath: //button[contains(text(),'Login')]]
2020-12-09 16:12:771 INFO  HomePage :27 - Clicking On CustomerLogin Link[[ChromeDriver: chrome on WINDOWS (05b8a685b15af3896d7eed3aaca6e577)] -> xpath: //body/div[3]/div[1]/div[2]/div[1]/div[1]/div[1]/button[1]]
2020-12-09 16:12:239 INFO  CustomerLoginPage :26 - select your name[[ChromeDriver: chrome on WINDOWS (05b8a685b15af3896d7eed3aaca6e577)] -> xpath: //select[@id='userSelect']]
2020-12-09 16:12:604 INFO  HomePage :27 - Clicking On CustomerLogin Link[[ChromeDriver: chrome on WINDOWS (de65549e518253c909e2c07ecd3c45eb)] -> xpath: //body/div[3]/div[1]/div[2]/div[1]/div[1]/div[1]/button[1]]
2020-12-09 16:12:856 INFO  CustomerLoginPage :26 - select your name[[ChromeDriver: chrome on WINDOWS (de65549e518253c909e2c07ecd3c45eb)] -> xpath: //select[@id='userSelect']]
2020-12-09 16:12:171 INFO  HomePage :27 - Clicking On CustomerLogin Link[[ChromeDriver: chrome on WINDOWS (cad264ab6f57e5d00c145b00b7913b72)] -> xpath: //body/div[3]/div[1]/div[2]/div[1]/div[1]/div[1]/button[1]]
2020-12-09 16:12:62 INFO  CustomerLoginPage :26 - select your name[[ChromeDriver: chrome on WINDOWS (cad264ab6f57e5d00c145b00b7913b72)] -> xpath: //select[@id='userSelect']]
2020-12-09 16:12:830 INFO  HomePage :27 - Clicking On CustomerLogin Link[[ChromeDriver: chrome on WINDOWS (341a949d1528b314aa0e34eed1d52166)] -> xpath: //body/div[3]/div[1]/div[2]/div[1]/div[1]/div[1]/button[1]]
2020-12-09 16:12:972 INFO  CustomerLoginPage :27 - select your name[[ChromeDriver: chrome on WINDOWS (341a949d1528b314aa0e34eed1d52166)] -> xpath: //select[@id='userSelect']]
